Arguments: 
  D:\app\node.exe C:\Users\admin\AppData\Roaming\npm\node_modules\yarn\bin\yarn.js add vite

PATH: 
  D:\app\java\bin;C:\WINDOWS\system32;C:\WINDOWS;C:\WINDOWS\System32\Wbem;C:\WINDOWS\System32\WindowsPowerShell\v1.0\;C:\WINDOWS\System32\OpenSSH\;C:\MinGW\bin;D:\Bandizip\;C:\Program Files\;D:\app\微信web开发者工具\dll;C:\Program Files\Git\cmd;C:\Program Files (x86)\NetSarang\Xshell 7\;D:\app\;D:\gcc\bin;D:\gcc\riscv-nuclei-elf\bin;C:\Users\admin\AppData\Local\Microsoft\WindowsApps;C:\Users\admin\AppData\Local\Programs\Microsoft VS Code\bin;D:\app\WebStorm 2021.3.2\bin;;C:\MinGW\bin;;D:\app\CLion 2021.3.3\bin;;D:\PyCharm 2021.3.2\bin;;C:\Users\admin\AppData\Roaming\npm;D:\IntelliJ IDEA 2022.2.2\bin;

Yarn version: 
  1.22.19

Node version: 
  16.15.1

Platform: 
  win32 x64

Trace: 
  Error: https://registry.npm.taobao.org/vite: tunneling socket could not be established, cause=connect ECONNREFUSED 127.0.0.1:31181
      at ClientRequest.onError (C:\Users\admin\AppData\Roaming\npm\node_modules\yarn\lib\cli.js:152376:17)
      at Object.onceWrapper (node:events:642:26)
      at ClientRequest.emit (node:events:527:28)
      at Socket.socketErrorListener (node:_http_client:454:9)
      at Socket.emit (node:events:527:28)
      at emitErrorNT (node:internal/streams/destroy:157:8)
      at emitErrorCloseNT (node:internal/streams/destroy:122:3)
      at processTicksAndRejections (node:internal/process/task_queues:83:21)

npm manifest: 
  No manifest

yarn manifest: 
  No manifest

Lockfile: 
  No lockfile
